<?xml version="1.0" encoding="UTF-8"?>
<robot generator="Robot 3.0 (Jython 2.7.0 on java1.8.0_65)" generated="20160928 22:23:31.566">
<suite source="C:\Users\Parker Hardin\Desktop\CustomWidget\src\test\acceptancetest" name="Acceptancetest" id="s1">
<suite source="C:\Users\Parker Hardin\Desktop\CustomWidget\src\test\acceptancetest\CustomWidgetTests.robot" name="CustomWidgetTests" id="s1-s1">
<test name="Hexagon Is Selected Initially" id="s1-s1-t1">
<kw library="SwingLibrary" name="Start Application">
<doc>Alias for `Launch Application` keyword</doc>
<arguments>
<arg>edu.jsu.mcis.Main</arg>
</arguments>
<status endtime="20160928 22:23:31.805" starttime="20160928 22:23:31.789" status="PASS"></status>
</kw>
<kw library="SwingLibrary" name="Select Window">
<doc>Selects a window as current context and sets focus to it.</doc>
<arguments>
<arg>Main</arg>
</arguments>
<status endtime="20160928 22:23:31.805" starttime="20160928 22:23:31.805" status="PASS"></status>
</kw>
<kw library="SwingLibrary" name="Label Text Should Be">
<doc>Checks the equality of given text and the text displayed on a label.</doc>
<arguments>
<arg>label</arg>
<arg>Hexagon</arg>
</arguments>
<status endtime="20160928 22:23:31.820" starttime="20160928 22:23:31.805" status="PASS"></status>
</kw>
<kw library="SwingLibrary" name="Close Window">
<doc>Closes a window.</doc>
<arguments>
<arg>Main</arg>
</arguments>
<status endtime="20160928 22:23:32.040" starttime="20160928 22:23:31.820" status="PASS"></status>
</kw>
<status critical="yes" endtime="20160928 22:23:32.040" starttime="20160928 22:23:31.789" status="PASS"></status>
</test>
<test name="Octagon Is Selected After Center Click" id="s1-s1-t2">
<kw library="SwingLibrary" name="Start Application">
<doc>Alias for `Launch Application` keyword</doc>
<arguments>
<arg>edu.jsu.mcis.Main</arg>
</arguments>
<status endtime="20160928 22:23:32.055" starttime="20160928 22:23:32.040" status="PASS"></status>
</kw>
<kw library="SwingLibrary" name="Select Window">
<doc>Selects a window as current context and sets focus to it.</doc>
<arguments>
<arg>Main</arg>
</arguments>
<status endtime="20160928 22:23:32.071" starttime="20160928 22:23:32.055" status="PASS"></status>
</kw>
<kw library="keywords.CustomWidgetKeywords" name="Click Octagon Inside">
<status endtime="20160928 22:23:32.071" starttime="20160928 22:23:32.071" status="PASS"></status>
</kw>
<kw library="SwingLibrary" name="Label Text Should Be">
<doc>Checks the equality of given text and the text displayed on a label.</doc>
<arguments>
<arg>label</arg>
<arg>Octagon</arg>
</arguments>
<status endtime="20160928 22:23:32.086" starttime="20160928 22:23:32.071" status="PASS"></status>
</kw>
<kw library="SwingLibrary" name="Close Window">
<doc>Closes a window.</doc>
<arguments>
<arg>Main</arg>
</arguments>
<status endtime="20160928 22:23:32.256" starttime="20160928 22:23:32.086" status="PASS"></status>
</kw>
<status critical="yes" endtime="20160928 22:23:32.256" starttime="20160928 22:23:32.040" status="PASS"></status>
</test>
<test name="Widget Is Unchanged After Edge Click" id="s1-s1-t3">
<kw library="SwingLibrary" name="Start Application">
<doc>Alias for `Launch Application` keyword</doc>
<arguments>
<arg>edu.jsu.mcis.Main</arg>
</arguments>
<status endtime="20160928 22:23:32.302" starttime="20160928 22:23:32.271" status="PASS"></status>
</kw>
<kw library="SwingLibrary" name="Select Window">
<doc>Selects a window as current context and sets focus to it.</doc>
<arguments>
<arg>Main</arg>
</arguments>
<status endtime="20160928 22:23:32.319" starttime="20160928 22:23:32.302" status="PASS"></status>
</kw>
<kw library="keywords.CustomWidgetKeywords" name="Click Hexagon Outside">
<status endtime="20160928 22:23:32.325" starttime="20160928 22:23:32.320" status="PASS"></status>
</kw>
<kw library="keywords.CustomWidgetKeywords" name="Click Octagon Outside">
<status endtime="20160928 22:23:32.325" starttime="20160928 22:23:32.325" status="PASS"></status>
</kw>
<kw library="SwingLibrary" name="Label Text Should Be">
<doc>Checks the equality of given text and the text displayed on a label.</doc>
<arguments>
<arg>label</arg>
<arg>Hexagon</arg>
</arguments>
<status endtime="20160928 22:23:32.340" starttime="20160928 22:23:32.325" status="PASS"></status>
</kw>
<kw library="SwingLibrary" name="Close Window">
<doc>Closes a window.</doc>
<arguments>
<arg>Main</arg>
</arguments>
<status endtime="20160928 22:23:32.521" starttime="20160928 22:23:32.340" status="PASS"></status>
</kw>
<status critical="yes" endtime="20160928 22:23:32.523" starttime="20160928 22:23:32.256" status="PASS"></status>
</test>
<test name="Widget Toggles With Successive Center Clicks" id="s1-s1-t4">
<kw library="SwingLibrary" name="Start Application">
<doc>Alias for `Launch Application` keyword</doc>
<arguments>
<arg>edu.jsu.mcis.Main</arg>
</arguments>
<status endtime="20160928 22:23:32.556" starttime="20160928 22:23:32.525" status="PASS"></status>
</kw>
<kw library="SwingLibrary" name="Select Window">
<doc>Selects a window as current context and sets focus to it.</doc>
<arguments>
<arg>Main</arg>
</arguments>
<status endtime="20160928 22:23:32.572" starttime="20160928 22:23:32.556" status="PASS"></status>
</kw>
<kw library="keywords.CustomWidgetKeywords" name="Click Octagon Inside">
<status endtime="20160928 22:23:32.587" starttime="20160928 22:23:32.572" status="PASS"></status>
</kw>
<kw library="SwingLibrary" name="Label Text Should Be">
<doc>Checks the equality of given text and the text displayed on a label.</doc>
<arguments>
<arg>label</arg>
<arg>Octagon</arg>
</arguments>
<status endtime="20160928 22:23:32.587" starttime="20160928 22:23:32.587" status="PASS"></status>
</kw>
<kw library="keywords.CustomWidgetKeywords" name="Click Octagon Inside">
<status endtime="20160928 22:23:32.587" starttime="20160928 22:23:32.587" status="PASS"></status>
</kw>
<kw library="SwingLibrary" name="Label Text Should Be">
<doc>Checks the equality of given text and the text displayed on a label.</doc>
<arguments>
<arg>label</arg>
<arg>Hexagon</arg>
</arguments>
<status endtime="20160928 22:23:32.587" starttime="20160928 22:23:32.587" status="PASS"></status>
</kw>
<kw library="SwingLibrary" name="Close Window">
<doc>Closes a window.</doc>
<arguments>
<arg>Main</arg>
</arguments>
<status endtime="20160928 22:23:32.776" starttime="20160928 22:23:32.603" status="PASS"></status>
</kw>
<status critical="yes" endtime="20160928 22:23:32.776" starttime="20160928 22:23:32.525" status="PASS"></status>
</test>
<status endtime="20160928 22:23:32.776" starttime="20160928 22:23:31.651" status="PASS"></status>
</suite>
<status endtime="20160928 22:23:32.808" starttime="20160928 22:23:31.570" status="PASS"></status>
</suite>
<statistics>
<total>
<stat pass="4" fail="0">Critical Tests</stat>
<stat pass="4" fail="0">All Tests</stat>
</total>
<tag>
</tag>
<suite>
<stat pass="4" fail="0" name="Acceptancetest" id="s1">Acceptancetest</stat>
<stat pass="4" fail="0" name="CustomWidgetTests" id="s1-s1">Acceptancetest.CustomWidgetTests</stat>
</suite>
</statistics>
<errors>
</errors>
</robot>
